[1] "POINTWISE 95 PERCENT CONFIDENCE INTERVAL:"
              [,1]
[1,] -21.330171843
[2,]   0.002510945
[3,]  -0.690962683
[4,]  -8.403985309
[5,] -11.791429811
[6,]  -7.000477909
[7,]  -1.154930941
[8,]  -1.389763481
            [,1]
[1,] 46.83621403
[2,]  0.01612821
[3,]  0.21250436
[4,]  9.84209119
[5,] 18.16825260
[6,] 15.80494793
[7,] 25.10812849
[8,] 32.85537088
[1] "SIMULTANEOUS SUP-T 95 PERCENT CONFIDENCE INTERVAL:"
              [,1]
[1,] -3.324968e+01
[2,]  1.298437e-04
[3,] -8.489421e-01
[4,] -1.159448e+01
[5,] -1.703015e+01
[6,] -1.098821e+01
[7,] -5.747264e+00
[8,] -7.377835e+00
            [,1]
[1,] 58.75572310
[2,]  0.01850931
[3,]  0.37048374
[4,] 13.03258268
[5,] 23.40697403
[6,] 19.79268289
[7,] 29.70046196
[8,] 38.84344234
